<?xml version="1.0" encoding="UTF-8"?>
<testng-results ignored="0" total="1" passed="1" failed="0" skipped="0">
  <reporter-output>
  </reporter-output>
  <suite started-at="2023-02-04T05:03:16Z" name="Suite" finished-at="2023-02-04T05:04:22Z" duration-ms="65727">
    <groups>
    </groups>
    <test started-at="2023-02-04T05:03:16Z" name="Test" finished-at="2023-02-04T05:04:22Z" duration-ms="65727">
      <class name="com.orange.tests.AdminTest">
        <test-method is-config="true" signature="baseMehtod()[pri:0, instance:com.orange.tests.AdminTest@125290e5]" started-at="2023-02-04T05:03:18Z" name="baseMehtod" finished-at="2023-02-04T05:04:17Z" duration-ms="58594" status="PASS">
          <reporter-output>
          </reporter-output>
        </test-method> <!-- baseMehtod -->
        <test-method signature="provideRights(java.util.HashMap)[pri:0, instance:com.orange.tests.AdminTest@125290e5]" started-at="2023-02-04T05:04:17Z" name="provideRights" data-provider="getAdminData" finished-at="2023-02-04T05:04:20Z" duration-ms="3744" status="PASS">
          <params>
            <param index="0">
              <value>
                <![CDATA[{Status=Enabled, UserName=New User, UserRole=Role, EmployeName=xx, EmployeeName=New Emp, Password=Password@123}]]>
              </value>
            </param>
          </params>
          <reporter-output>
          </reporter-output>
        </test-method> <!-- provideRights -->
        <test-method is-config="true" signature="tearDown()[pri:0, instance:com.orange.tests.AdminTest@125290e5]" started-at="2023-02-04T05:04:20Z" name="tearDown" finished-at="2023-02-04T05:04:22Z" duration-ms="1823" status="PASS">
          <reporter-output>
          </reporter-output>
        </test-method> <!-- tearDown -->
      </class> <!-- com.orange.tests.AdminTest -->
    </test> <!-- Test -->
  </suite> <!-- Suite -->
</testng-results>
