<?xml version="1.0" encoding="UTF-8"?>
<testng-results ignored="0" total="1" passed="1" failed="0" skipped="0">
  <reporter-output>
  </reporter-output>
  <suite started-at="2023-02-03T15:52:10Z" name="Suite" finished-at="2023-02-03T15:52:30Z" duration-ms="20612">
    <groups>
    </groups>
    <test started-at="2023-02-03T15:52:10Z" name="Test" finished-at="2023-02-03T15:52:30Z" duration-ms="20612">
      <class name="com.orange.tests.AdminTest">
        <test-method is-config="true" signature="baseMehtod()[pri:0, instance:com.orange.tests.AdminTest@57576994]" started-at="2023-02-03T15:52:12Z" name="baseMehtod" finished-at="2023-02-03T15:52:24Z" duration-ms="11728" status="PASS">
          <reporter-output>
          </reporter-output>
        </test-method> <!-- baseMehtod -->
        <test-method signature="provideRights(java.util.HashMap)[pri:0, instance:com.orange.tests.AdminTest@57576994]" started-at="2023-02-03T15:52:24Z" name="provideRights" data-provider="getAdminData" finished-at="2023-02-03T15:52:29Z" duration-ms="4592" status="PASS">
          <params>
            <param index="0">
              <value>
                <![CDATA[{Status=Enabled, UserName=New User, UserRole=Role, EmployeName=xx, EmployeeName=New Emp, Password=Password@123}]]>
              </value>
            </param>
          </params>
          <reporter-output>
          </reporter-output>
        </test-method> <!-- provideRights -->
        <test-method is-config="true" signature="tearDown()[pri:0, instance:com.orange.tests.AdminTest@57576994]" started-at="2023-02-03T15:52:29Z" name="tearDown" finished-at="2023-02-03T15:52:30Z" duration-ms="1641" status="PASS">
          <reporter-output>
          </reporter-output>
        </test-method> <!-- tearDown -->
      </class> <!-- com.orange.tests.AdminTest -->
    </test> <!-- Test -->
  </suite> <!-- Suite -->
</testng-results>
